# Synopsys Constraint Checker, version maplat, Build 1612R, built Dec  5 2016
# Copyright (C) 1994-2016 Synopsys, Inc. All rights reserved. This Synopsys software and all associated documentation are proprietary to Synopsys, Inc. and may only be used pursuant to the terms and conditions of a written license agreement with Synopsys, Inc. All other use, reproduction, modification, or distribution of the Synopsys software or the associated documentation is strictly prohibited.

# Written on Tue May 03 18:25:17 2022


##### DESIGN INFO #######################################################

Top View:                "PiDRO"
Constraint File(s):      (none)




##### SUMMARY ############################################################

Found 0 issues in 0 out of 0 constraints


##### DETAILS ############################################################



Clock Relationships
*******************

Starting          Ending            |     rise to rise     |     fall to fall     |     rise to fall     |     fall to rise                     
-----------------------------------------------------------------------------------------------------------------------------------------------
PiDRO|SPI_SCK     PiDRO|SPI_SCK     |     No paths         |     0.658            |     No paths         |     No paths                         
===============================================================================================================================================
 Note: 'No paths' indicates there are no paths in the design for that pair of clock edges.
       'Diff grp' indicates that paths exist but the starting clock and ending clock are in different clock groups.


Unconstrained Start/End Points
******************************

p:A_A
p:A_B
p:A_R
p:B_A
p:B_B
p:B_R
p:LED
p:SPI_SDI
p:SPI_SDO
p:SPI_SS
p:X_A
p:X_B
p:X_R
p:Y_A
p:Y_B
p:Y_R
p:Z_A
p:Z_B
p:Z_R


Inapplicable constraints
************************

(none)


Applicable constraints with issues
**********************************

(none)


Constraints with matching wildcard expressions
**********************************************

(none)


Library Report
**************


# End of Constraint Checker Report
